  Device_Parameter_Set.cpp
  Execution_Parameter_Set.cpp
  Flash_Parameter_Set.cpp
  Host_Parameter_Set.cpp
  Host_System.cpp
  IO_Flow_Parameter_Set.cpp
  SSD_Device.cpp
  IO_Flow_Base.cpp
  IO_Flow_Synthetic.cpp
  IO_Flow_Trace_Based.cpp
  PCIe_Link.cpp
  PCIe_Root_Complex.cpp
  PCIe_Switch.cpp
  SATA_HBA.cpp
  main.cpp
  Block.cpp
  Die.cpp
  Flash_Chip.cpp
  Physical_Page_Address.cpp
  Plane.cpp
  正在產生程式碼...
  正在編譯...
  Engine.cpp
  EventTree.cpp
  Address_Mapping_Unit_Base.cpp
  Address_Mapping_Unit_Hybrid.cpp
  Address_Mapping_Unit_Page_Level.cpp
  Data_Cache_Flash.cpp
  Data_Cache_Manager_Base.cpp
  Data_Cache_Manager_Flash_Advanced.cpp
  Data_Cache_Manager_Flash_Simple.cpp
  Flash_Block_Manager.cpp
  Flash_Block_Manager_Base.cpp
  Flash_Transaction_Queue.cpp
  FTL.cpp
  GC_and_WL_Unit_Base.cpp
  GC_and_WL_Unit_Page_Level.cpp
  Host_Interface_Base.cpp
  Host_Interface_NVMe.cpp
  Host_Interface_SATA.cpp
  NVM_Firmware.cpp
  NVM_PHY_Base.cpp
  正在產生程式碼...
  正在編譯...
  NVM_PHY_ONFI.cpp
  NVM_PHY_ONFI_NVDDR2.cpp
  NVM_Transaction_Flash.cpp
  NVM_Transaction_Flash_ER.cpp
  NVM_Transaction_Flash_RD.cpp
  NVM_Transaction_Flash_WR.cpp
  ONFI_Channel_Base.cpp
  ONFI_Channel_NVDDR2.cpp
  Queue_Probe.cpp
  Stats.cpp
  TSU_Base.cpp
  TSU_FLIN.cpp
  TSU_OutofOrder.cpp
  TSU_Priority_OutofOrder.cpp
  User_Request.cpp
  CMRRandomGenerator.cpp
  Helper_Functions.cpp
  Logical_Address_Partitioning_Unit.cpp
  RandomGenerator.cpp
  StringTools.cpp
  正在產生程式碼...
  正在編譯...
  XMLWriter.cpp
  正在產生程式碼...
  LINK : 最後的累加連結找不到或未建置 C:\Users\User\Desktop\GitHub\IMS-Quantifier\Visual Studio Build Files\x64\Debug\MQSim.exe，正在執行完整連結
  MQSim.vcxproj -> C:\Users\User\Desktop\GitHub\IMS-Quantifier\Visual Studio Build Files\x64\Debug\MQSim.exe
